# JRE version: OpenJDK Runtime Environment (17.0.6) (build 17.0.6+0-b2043.56-10027231)
# Java VM: OpenJDK 64-Bit Server VM (17.0.6+0-b2043.56-10027231, mixed mode, tiered, compressed oops, compressed class ptrs, g1 gc, windows-amd64)
GC Precious Log:
 CPUs: 2 total, 2 available
 Memory: 5935M
 Large Page Support: Disabled
 NUMA Support: Disabled
 Compressed Oops: Enabled (32-bit)
 Heap Region Size: 1M
 Heap Min Capacity: 8M
 Heap Initial Capacity: 94M
 Heap Max Capacity: 2G
 Pre-touch: Disabled
 Parallel Workers: 2
 Concurrent Workers: 1
 Concurrent Refinement Workers: 2
 Periodic GC: Disabled
Heap:
 garbage-first heap   total 589824K, used 497967K [0x0000000080000000, 0x0000000100000000)
  region size 1024K, 121 young (123904K), 4 survivors (4096K)
 Metaspace       used 232073K, committed 233344K, reserved 1261568K
  class space    used 28291K, committed 28928K, reserved 1048576K
GC Heap History (20 events):
Event: 2456.861 GC heap before
{Heap before GC invocations=167 (full 0):
 garbage-first heap   total 450560K, used 391679K [0x0000000080000000, 0x0000000100000000)
  region size 1024K, 37 young (37888K), 6 survivors (6144K)
 Metaspace       used 225393K, committed 226688K, reserved 1253376K
  class space    used 27415K, committed 28032K, reserved 1048576K
}
Event: 2456.950 GC heap after
{Heap after GC invocations=168 (full 0):
 garbage-first heap   total 589824K, used 365567K [0x0000000080000000, 0x0000000100000000)
  region size 1024K, 5 young (5120K), 5 survivors (5120K)
 Metaspace       used 225393K, committed 226688K, reserved 1253376K
  class space    used 27415K, committed 28032K, reserved 1048576K
}
Event: 2462.433 GC heap before
{Heap before GC invocations=168 (full 0):
 garbage-first heap   total 589824K, used 486399K [0x0000000080000000, 0x0000000100000000)
  region size 1024K, 123 young (125952K), 5 survivors (5120K)
 Metaspace       used 230594K, committed 231936K, reserved 1253376K
  class space    used 28161K, committed 28800K, reserved 1048576K
}
Event: 2462.604 GC heap after
{Heap after GC invocations=169 (full 0):
 garbage-first heap   total 589824K, used 376317K [0x0000000080000000, 0x0000000100000000)
  region size 1024K, 16 young (16384K), 16 survivors (16384K)
 Metaspace       used 230594K, committed 231936K, reserved 1253376K
  class space    used 28161K, committed 28800K, reserved 1048576K
}
Event: 2465.885 GC heap before
{Heap before GC invocations=169 (full 0):
 garbage-first heap   total 589824K, used 466429K [0x0000000080000000, 0x0000000100000000)
  region size 1024K, 104 young (106496K), 16 survivors (16384K)
 Metaspace       used 231492K, committed 232832K, reserved 1253376K
  class space    used 28213K, committed 28864K, reserved 1048576K
}
Event: 2465.942 GC heap after
{Heap after GC invocations=170 (full 0):
 garbage-first heap   total 589824K, used 377135K [0x0000000080000000, 0x0000000100000000)
  region size 1024K, 1 young (1024K), 1 survivors (1024K)
 Metaspace       used 231492K, committed 232832K, reserved 1253376K
  class space    used 28213K, committed 28864K, reserved 1048576K
}
Event: 2468.268 GC heap before
{Heap before GC invocations=170 (full 0):
 garbage-first heap   total 589824K, used 496943K [0x0000000080000000, 0x0000000100000000)
  region size 1024K, 118 young (120832K), 1 survivors (1024K)
 Metaspace       used 231645K, committed 232960K, reserved 1253376K
  class space    used 28221K, committed 28864K, reserved 1048576K
}
Event: 2468.287 GC heap after
{Heap after GC invocations=171 (full 0):
 garbage-first heap   total 589824K, used 377863K [0x0000000080000000, 0x0000000100000000)
  region size 1024K, 2 young (2048K), 2 survivors (2048K)
 Metaspace       used 231645K, committed 232960K, reserved 1253376K
  class space    used 28221K, committed 28864K, reserved 1048576K
}
Event: 2470.139 GC heap before
{Heap before GC invocations=171 (full 0):
 garbage-first heap   total 589824K, used 501767K [0x0000000080000000, 0x0000000100000000)
  region size 1024K, 123 young (125952K), 2 survivors (2048K)
 Metaspace       used 231702K, committed 233024K, reserved 1261568K
  class space    used 28231K, committed 28864K, reserved 1048576K
}
Event: 2470.154 GC heap after
{Heap after GC invocations=172 (full 0):
 garbage-first heap   total 589824K, used 377684K [0x0000000080000000, 0x0000000100000000)
  region size 1024K, 2 young (2048K), 2 survivors (2048K)
 Metaspace       used 231702K, committed 233024K, reserved 1261568K
  class space    used 28231K, committed 28864K, reserved 1048576K
}
Event: 2472.342 GC heap before
{Heap before GC invocations=172 (full 0):
 garbage-first heap   total 589824K, used 506708K [0x0000000080000000, 0x0000000100000000)
  region size 1024K, 128 young (131072K), 2 survivors (2048K)
 Metaspace       used 231775K, committed 233088K, reserved 1261568K
  class space    used 28239K, committed 28864K, reserved 1048576K
}
Event: 2472.361 GC heap after
{Heap after GC invocations=173 (full 0):
 garbage-first heap   total 589824K, used 378159K [0x0000000080000000, 0x0000000100000000)
  region size 1024K, 2 young (2048K), 2 survivors (2048K)
 Metaspace       used 231775K, committed 233088K, reserved 1261568K
  class space    used 28239K, committed 28864K, reserved 1048576K
}
Event: 2474.316 GC heap before
{Heap before GC invocations=173 (full 0):
 garbage-first heap   total 589824K, used 511279K [0x0000000080000000, 0x0000000100000000)
  region size 1024K, 132 young (135168K), 2 survivors (2048K)
 Metaspace       used 231821K, committed 233088K, reserved 1261568K
  class space    used 28243K, committed 28864K, reserved 1048576K
}
Event: 2474.336 GC heap after
{Heap after GC invocations=174 (full 0):
 garbage-first heap   total 589824K, used 378717K [0x0000000080000000, 0x0000000100000000)
  region size 1024K, 3 young (3072K), 3 survivors (3072K)
 Metaspace       used 231821K, committed 233088K, reserved 1261568K
  class space    used 28243K, committed 28864K, reserved 1048576K
}
Event: 2476.031 GC heap before
{Heap before GC invocations=174 (full 0):
 garbage-first heap   total 589824K, used 513885K [0x0000000080000000, 0x0000000100000000)
  region size 1024K, 135 young (138240K), 3 survivors (3072K)
 Metaspace       used 231902K, committed 233216K, reserved 1261568K
  class space    used 28260K, committed 28928K, reserved 1048576K
}
Event: 2476.052 GC heap after
{Heap after GC invocations=175 (full 0):
 garbage-first heap   total 589824K, used 379183K [0x0000000080000000, 0x0000000100000000)
  region size 1024K, 3 young (3072K), 3 survivors (3072K)
 Metaspace       used 231902K, committed 233216K, reserved 1261568K
  class space    used 28260K, committed 28928K, reserved 1048576K
}
Event: 2478.024 GC heap before
{Heap before GC invocations=175 (full 0):
 garbage-first heap   total 589824K, used 517423K [0x0000000080000000, 0x0000000100000000)
  region size 1024K, 138 young (141312K), 3 survivors (3072K)
 Metaspace       used 231932K, committed 233280K, reserved 1261568K
  class space    used 28266K, committed 28928K, reserved 1048576K
}
Event: 2478.050 GC heap after
{Heap after GC invocations=176 (full 0):
 garbage-first heap   total 589824K, used 379725K [0x0000000080000000, 0x0000000100000000)
  region size 1024K, 4 young (4096K), 4 survivors (4096K)
 Metaspace       used 231932K, committed 233280K, reserved 1261568K
  class space    used 28266K, committed 28928K, reserved 1048576K
}
Event: 2480.288 GC heap before
{Heap before GC invocations=176 (full 0):
 garbage-first heap   total 589824K, used 518989K [0x0000000080000000, 0x0000000100000000)
  region size 1024K, 140 young (143360K), 4 survivors (4096K)
 Metaspace       used 231979K, committed 233280K, reserved 1261568K
  class space    used 28272K, committed 28928K, reserved 1048576K
}
Event: 2480.317 GC heap after
{Heap after GC invocations=177 (full 0):
 garbage-first heap   total 589824K, used 380207K [0x0000000080000000, 0x0000000100000000)
  region size 1024K, 4 young (4096K), 4 survivors (4096K)
 Metaspace       used 231979K, committed 233280K, reserved 1261568K
  class space    used 28272K, committed 28928K, reserved 1048576K
}

